# JRE version: Java(TM) SE Runtime Environment (8.0_45-b15) (build 1.8.0_45-b15)
# Java VM: Java HotSpot(TM) 64-Bit Server VM (25.45-b02 mixed mode windows-amd64 compressed oops)
Heap:
 PSYoungGen      total 35840K, used 15755K [0x00000000f5580000, 0x00000000f7d00000, 0x0000000100000000)
  eden space 31232K, 45% used [0x00000000f5580000,0x00000000f6359cc0,0x00000000f7400000)
  from space 4608K, 34% used [0x00000000f7880000,0x00000000f7a091c8,0x00000000f7d00000)
  to   space 4608K, 0% used [0x00000000f7400000,0x00000000f7400000,0x00000000f7880000)
 ParOldGen       total 109056K, used 81109K [0x00000000e0000000, 0x00000000e6a80000, 0x00000000f5580000)
  object space 109056K, 74% used [0x00000000e0000000,0x00000000e4f35480,0x00000000e6a80000)
 Metaspace       used 109394K, capacity 116518K, committed 116864K, reserved 1150976K
  class space    used 12670K, capacity 14927K, committed 14976K, reserved 1048576K
GC Heap History (10 events):
Event: 8861.817 GC heap before
{Heap before GC invocations=313 (full 69):
 PSYoungGen      total 35840K, used 32754K [0x00000000f5580000, 0x00000000f7d00000, 0x0000000100000000)
  eden space 31232K, 100% used [0x00000000f5580000,0x00000000f7400000,0x00000000f7400000)
  from space 4608K, 33% used [0x00000000f7400000,0x00000000f757c948,0x00000000f7880000)
  to   space 4608K, 0% used [0x00000000f7880000,0x00000000f7880000,0x00000000f7d00000)
 ParOldGen       total 109056K, used 80837K [0x00000000e0000000, 0x00000000e6a80000, 0x00000000f5580000)
  object space 109056K, 74% used [0x00000000e0000000,0x00000000e4ef1480,0x00000000e6a80000)
 Metaspace       used 108825K, capacity 116166K, committed 116352K, reserved 1150976K
  class space    used 12608K, capacity 14895K, committed 14976K, reserved 1048576K
Event: 8861.821 GC heap after
Heap after GC invocations=313 (full 69):
 PSYoungGen      total 35840K, used 2692K [0x00000000f5580000, 0x00000000f7d00000, 0x0000000100000000)
  eden space 31232K, 0% used [0x00000000f5580000,0x00000000f5580000,0x00000000f7400000)
  from space 4608K, 58% used [0x00000000f7880000,0x00000000f7b212d8,0x00000000f7d00000)
  to   space 4608K, 0% used [0x00000000f7400000,0x00000000f7400000,0x00000000f7880000)
 ParOldGen       total 109056K, used 80885K [0x00000000e0000000, 0x00000000e6a80000, 0x00000000f5580000)
  object space 109056K, 74% used [0x00000000e0000000,0x00000000e4efd480,0x00000000e6a80000)
 Metaspace       used 108825K, capacity 116166K, committed 116352K, reserved 1150976K
  class space    used 12608K, capacity 14895K, committed 14976K, reserved 1048576K
}
Event: 8953.647 GC heap before
{Heap before GC invocations=314 (full 69):
 PSYoungGen      total 35840K, used 33924K [0x00000000f5580000, 0x00000000f7d00000, 0x0000000100000000)
  eden space 31232K, 100% used [0x00000000f5580000,0x00000000f7400000,0x00000000f7400000)
  from space 4608K, 58% used [0x00000000f7880000,0x00000000f7b212d8,0x00000000f7d00000)
  to   space 4608K, 0% used [0x00000000f7400000,0x00000000f7400000,0x00000000f7880000)
 ParOldGen       total 109056K, used 80885K [0x00000000e0000000, 0x00000000e6a80000, 0x00000000f5580000)
  object space 109056K, 74% used [0x00000000e0000000,0x00000000e4efd480,0x00000000e6a80000)
 Metaspace       used 108842K, capacity 116166K, committed 116352K, reserved 1150976K
  class space    used 12608K, capacity 14895K, committed 14976K, reserved 1048576K
Event: 8953.652 GC heap after
Heap after GC invocations=314 (full 69):
 PSYoungGen      total 35840K, used 3057K [0x00000000f5580000, 0x00000000f7d00000, 0x0000000100000000)
  eden space 31232K, 0% used [0x00000000f5580000,0x00000000f5580000,0x00000000f7400000)
  from space 4608K, 66% used [0x00000000f7400000,0x00000000f76fc4a8,0x00000000f7880000)
  to   space 4608K, 0% used [0x00000000f7880000,0x00000000f7880000,0x00000000f7d00000)
 ParOldGen       total 109056K, used 80933K [0x00000000e0000000, 0x00000000e6a80000, 0x00000000f5580000)
  object space 109056K, 74% used [0x00000000e0000000,0x00000000e4f09480,0x00000000e6a80000)
 Metaspace       used 108842K, capacity 116166K, committed 116352K, reserved 1150976K
  class space    used 12608K, capacity 14895K, committed 14976K, reserved 1048576K
}
Event: 9024.455 GC heap before
{Heap before GC invocations=315 (full 69):
 PSYoungGen      total 35840K, used 34289K [0x00000000f5580000, 0x00000000f7d00000, 0x0000000100000000)
  eden space 31232K, 100% used [0x00000000f5580000,0x00000000f7400000,0x00000000f7400000)
  from space 4608K, 66% used [0x00000000f7400000,0x00000000f76fc4a8,0x00000000f7880000)
  to   space 4608K, 0% used [0x00000000f7880000,0x00000000f7880000,0x00000000f7d00000)
 ParOldGen       total 109056K, used 80933K [0x00000000e0000000, 0x00000000e6a80000, 0x00000000f5580000)
  object space 109056K, 74% used [0x00000000e0000000,0x00000000e4f09480,0x00000000e6a80000)
 Metaspace       used 108845K, capacity 116166K, committed 116352K, reserved 1150976K
  class space    used 12608K, capacity 14895K, committed 14976K, reserved 1048576K
Event: 9024.461 GC heap after
Heap after GC invocations=315 (full 69):
 PSYoungGen      total 35840K, used 3188K [0x00000000f5580000, 0x00000000f7d00000, 0x0000000100000000)
  eden space 31232K, 0% used [0x00000000f5580000,0x00000000f5580000,0x00000000f7400000)
  from space 4608K, 69% used [0x00000000f7880000,0x00000000f7b9d1d8,0x00000000f7d00000)
  to   space 4608K, 0% used [0x00000000f7400000,0x00000000f7400000,0x00000000f7880000)
 ParOldGen       total 109056K, used 80997K [0x00000000e0000000, 0x00000000e6a80000, 0x00000000f5580000)
  object space 109056K, 74% used [0x00000000e0000000,0x00000000e4f19480,0x00000000e6a80000)
 Metaspace       used 108845K, capacity 116166K, committed 116352K, reserved 1150976K
  class space    used 12608K, capacity 14895K, committed 14976K, reserved 1048576K
}
Event: 9088.431 GC heap before
{Heap before GC invocations=316 (full 69):
 PSYoungGen      total 35840K, used 34420K [0x00000000f5580000, 0x00000000f7d00000, 0x0000000100000000)
  eden space 31232K, 100% used [0x00000000f5580000,0x00000000f7400000,0x00000000f7400000)
  from space 4608K, 69% used [0x00000000f7880000,0x00000000f7b9d1d8,0x00000000f7d00000)
  to   space 4608K, 0% used [0x00000000f7400000,0x00000000f7400000,0x00000000f7880000)
 ParOldGen       total 109056K, used 80997K [0x00000000e0000000, 0x00000000e6a80000, 0x00000000f5580000)
  object space 109056K, 74% used [0x00000000e0000000,0x00000000e4f19480,0x00000000e6a80000)
 Metaspace       used 108997K, capacity 116326K, committed 116608K, reserved 1150976K
  class space    used 12629K, capacity 14927K, committed 14976K, reserved 1048576K
Event: 9088.435 GC heap after
Heap after GC invocations=316 (full 69):
 PSYoungGen      total 35840K, used 3153K [0x00000000f5580000, 0x00000000f7d00000, 0x0000000100000000)
  eden space 31232K, 0% used [0x00000000f5580000,0x00000000f5580000,0x00000000f7400000)
  from space 4608K, 68% used [0x00000000f7400000,0x00000000f77144a8,0x00000000f7880000)
  to   space 4608K, 0% used [0x00000000f7880000,0x00000000f7880000,0x00000000f7d00000)
 ParOldGen       total 109056K, used 81053K [0x00000000e0000000, 0x00000000e6a80000, 0x00000000f5580000)
  object space 109056K, 74% used [0x00000000e0000000,0x00000000e4f27480,0x00000000e6a80000)
 Metaspace       used 108997K, capacity 116326K, committed 116608K, reserved 1150976K
  class space    used 12629K, capacity 14927K, committed 14976K, reserved 1048576K
}
Event: 9089.981 GC heap before
{Heap before GC invocations=317 (full 69):
 PSYoungGen      total 35840K, used 34385K [0x00000000f5580000, 0x00000000f7d00000, 0x0000000100000000)
  eden space 31232K, 100% used [0x00000000f5580000,0x00000000f7400000,0x00000000f7400000)
  from space 4608K, 68% used [0x00000000f7400000,0x00000000f77144a8,0x00000000f7880000)
  to   space 4608K, 0% used [0x00000000f7880000,0x00000000f7880000,0x00000000f7d00000)
 ParOldGen       total 109056K, used 81053K [0x00000000e0000000, 0x00000000e6a80000, 0x00000000f5580000)
  object space 109056K, 74% used [0x00000000e0000000,0x00000000e4f27480,0x00000000e6a80000)
 Metaspace       used 109024K, capacity 116326K, committed 116608K, reserved 1150976K
  class space    used 12631K, capacity 14927K, committed 14976K, reserved 1048576K
Event: 9089.985 GC heap after
Heap after GC invocations=317 (full 69):
 PSYoungGen      total 35840K, used 1572K [0x00000000f5580000, 0x00000000f7d00000, 0x0000000100000000)
  eden space 31232K, 0% used [0x00000000f5580000,0x00000000f5580000,0x00000000f7400000)
  from space 4608K, 34% used [0x00000000f7880000,0x00000000f7a091c8,0x00000000f7d00000)
  to   space 4608K, 0% used [0x00000000f7400000,0x00000000f7400000,0x00000000f7880000)
 ParOldGen       total 109056K, used 81109K [0x00000000e0000000, 0x00000000e6a80000, 0x00000000f5580000)
  object space 109056K, 74% used [0x00000000e0000000,0x00000000e4f35480,0x00000000e6a80000)
 Metaspace       used 109024K, capacity 116326K, committed 116608K, reserved 1150976K
  class space    used 12631K, capacity 14927K, committed 14976K, reserved 1048576K
}

