# JRE version: Java(TM) SE Runtime Environment (8.0_45-b15) (build 1.8.0_45-b15)
# Java VM: Java HotSpot(TM) 64-Bit Server VM (25.45-b02 mixed mode windows-amd64 compressed oops)
Heap:
 PSYoungGen      total 55296K, used 36956K [0x00000000f5580000, 0x00000000f9380000, 0x0000000100000000)
  eden space 47104K, 78% used [0x00000000f5580000,0x00000000f7997310,0x00000000f8380000)
  from space 8192K, 0% used [0x00000000f8380000,0x00000000f8380000,0x00000000f8b80000)
  to   space 8192K, 0% used [0x00000000f8b80000,0x00000000f8b80000,0x00000000f9380000)
 ParOldGen       total 109568K, used 47041K [0x00000000e0000000, 0x00000000e6b00000, 0x00000000f5580000)
  object space 109568K, 42% used [0x00000000e0000000,0x00000000e2df05c8,0x00000000e6b00000)
 Metaspace       used 93455K, capacity 100574K, committed 100736K, reserved 1136640K
  class space    used 11102K, capacity 13313K, committed 13440K, reserved 1048576K
GC Heap History (10 events):
Event: 1570.651 GC heap before
{Heap before GC invocations=79 (full 11):
 PSYoungGen      total 53760K, used 53665K [0x00000000f5580000, 0x00000000f9500000, 0x0000000100000000)
  eden space 48640K, 100% used [0x00000000f5580000,0x00000000f8500000,0x00000000f8500000)
  from space 5120K, 98% used [0x00000000f8600000,0x00000000f8ae86b0,0x00000000f8b00000)
  to   space 8192K, 0% used [0x00000000f8d00000,0x00000000f8d00000,0x00000000f9500000)
 ParOldGen       total 109568K, used 45785K [0x00000000e0000000, 0x00000000e6b00000, 0x00000000f5580000)
  object space 109568K, 41% used [0x00000000e0000000,0x00000000e2cb64a0,0x00000000e6b00000)
 Metaspace       used 92706K, capacity 99928K, committed 100096K, reserved 1136640K
  class space    used 11039K, capacity 13273K, committed 13312K, reserved 1048576K
Event: 1570.656 GC heap after
Heap after GC invocations=79 (full 11):
 PSYoungGen      total 54784K, used 4124K [0x00000000f5580000, 0x00000000f9380000, 0x0000000100000000)
  eden space 48128K, 0% used [0x00000000f5580000,0x00000000f5580000,0x00000000f8480000)
  from space 6656K, 61% used [0x00000000f8d00000,0x00000000f91071c0,0x00000000f9380000)
  to   space 7680K, 0% used [0x00000000f8480000,0x00000000f8480000,0x00000000f8c00000)
 ParOldGen       total 109568K, used 45785K [0x00000000e0000000, 0x00000000e6b00000, 0x00000000f5580000)
  object space 109568K, 41% used [0x00000000e0000000,0x00000000e2cb64a0,0x00000000e6b00000)
 Metaspace       used 92706K, capacity 99928K, committed 100096K, reserved 1136640K
  class space    used 11039K, capacity 13273K, committed 13312K, reserved 1048576K
}
Event: 1572.293 GC heap before
{Heap before GC invocations=80 (full 11):
 PSYoungGen      total 54784K, used 52252K [0x00000000f5580000, 0x00000000f9380000, 0x0000000100000000)
  eden space 48128K, 100% used [0x00000000f5580000,0x00000000f8480000,0x00000000f8480000)
  from space 6656K, 61% used [0x00000000f8d00000,0x00000000f91071c0,0x00000000f9380000)
  to   space 7680K, 0% used [0x00000000f8480000,0x00000000f8480000,0x00000000f8c00000)
 ParOldGen       total 109568K, used 45785K [0x00000000e0000000, 0x00000000e6b00000, 0x00000000f5580000)
  object space 109568K, 41% used [0x00000000e0000000,0x00000000e2cb64a0,0x00000000e6b00000)
 Metaspace       used 92738K, capacity 99928K, committed 100096K, reserved 1136640K
  class space    used 11039K, capacity 13273K, committed 13312K, reserved 1048576K
Event: 1572.299 GC heap after
Heap after GC invocations=80 (full 11):
 PSYoungGen      total 52736K, used 4744K [0x00000000f5580000, 0x00000000f9300000, 0x0000000100000000)
  eden space 47616K, 0% used [0x00000000f5580000,0x00000000f5580000,0x00000000f8400000)
  from space 5120K, 92% used [0x00000000f8480000,0x00000000f89220d0,0x00000000f8980000)
  to   space 7680K, 0% used [0x00000000f8b80000,0x00000000f8b80000,0x00000000f9300000)
 ParOldGen       total 109568K, used 45785K [0x00000000e0000000, 0x00000000e6b00000, 0x00000000f5580000)
  object space 109568K, 41% used [0x00000000e0000000,0x00000000e2cb64a0,0x00000000e6b00000)
 Metaspace       used 92738K, capacity 99928K, committed 100096K, reserved 1136640K
  class space    used 11039K, capacity 13273K, committed 13312K, reserved 1048576K
}
Event: 1577.515 GC heap before
{Heap before GC invocations=81 (full 11):
 PSYoungGen      total 52736K, used 52360K [0x00000000f5580000, 0x00000000f9300000, 0x0000000100000000)
  eden space 47616K, 100% used [0x00000000f5580000,0x00000000f8400000,0x00000000f8400000)
  from space 5120K, 92% used [0x00000000f8480000,0x00000000f89220d0,0x00000000f8980000)
  to   space 7680K, 0% used [0x00000000f8b80000,0x00000000f8b80000,0x00000000f9300000)
 ParOldGen       total 109568K, used 45785K [0x00000000e0000000, 0x00000000e6b00000, 0x00000000f5580000)
  object space 109568K, 41% used [0x00000000e0000000,0x00000000e2cb64a0,0x00000000e6b00000)
 Metaspace       used 92817K, capacity 100028K, committed 100096K, reserved 1136640K
  class space    used 11042K, capacity 13279K, committed 13312K, reserved 1048576K
Event: 1577.520 GC heap after
Heap after GC invocations=81 (full 11):
 PSYoungGen      total 54784K, used 5546K [0x00000000f5580000, 0x00000000f9380000, 0x0000000100000000)
  eden space 47104K, 0% used [0x00000000f5580000,0x00000000f5580000,0x00000000f8380000)
  from space 7680K, 72% used [0x00000000f8b80000,0x00000000f90eab58,0x00000000f9300000)
  to   space 8192K, 0% used [0x00000000f8380000,0x00000000f8380000,0x00000000f8b80000)
 ParOldGen       total 109568K, used 45785K [0x00000000e0000000, 0x00000000e6b00000, 0x00000000f5580000)
  object space 109568K, 41% used [0x00000000e0000000,0x00000000e2cb64a0,0x00000000e6b00000)
 Metaspace       used 92817K, capacity 100028K, committed 100096K, reserved 1136640K
  class space    used 11042K, capacity 13279K, committed 13312K, reserved 1048576K
}
Event: 1612.726 GC heap before
{Heap before GC invocations=82 (full 11):
 PSYoungGen      total 54784K, used 33646K [0x00000000f5580000, 0x00000000f9380000, 0x0000000100000000)
  eden space 47104K, 59% used [0x00000000f5580000,0x00000000f70f0eb8,0x00000000f8380000)
  from space 7680K, 72% used [0x00000000f8b80000,0x00000000f90eab58,0x00000000f9300000)
  to   space 8192K, 0% used [0x00000000f8380000,0x00000000f8380000,0x00000000f8b80000)
 ParOldGen       total 109568K, used 45785K [0x00000000e0000000, 0x00000000e6b00000, 0x00000000f5580000)
  object space 109568K, 41% used [0x00000000e0000000,0x00000000e2cb64a0,0x00000000e6b00000)
 Metaspace       used 92864K, capacity 100028K, committed 100096K, reserved 1136640K
  class space    used 11042K, capacity 13279K, committed 13312K, reserved 1048576K
Event: 1612.731 GC heap after
Heap after GC invocations=82 (full 11):
 PSYoungGen      total 55296K, used 5194K [0x00000000f5580000, 0x00000000f9380000, 0x0000000100000000)
  eden space 47104K, 0% used [0x00000000f5580000,0x00000000f5580000,0x00000000f8380000)
  from space 8192K, 63% used [0x00000000f8380000,0x00000000f8892a58,0x00000000f8b80000)
  to   space 8192K, 0% used [0x00000000f8b80000,0x00000000f8b80000,0x00000000f9380000)
 ParOldGen       total 109568K, used 45793K [0x00000000e0000000, 0x00000000e6b00000, 0x00000000f5580000)
  object space 109568K, 41% used [0x00000000e0000000,0x00000000e2cb84a0,0x00000000e6b00000)
 Metaspace       used 92864K, capacity 100028K, committed 100096K, reserved 1136640K
  class space    used 11042K, capacity 13279K, committed 13312K, reserved 1048576K
}
Event: 1612.731 GC heap before
{Heap before GC invocations=83 (full 12):
 PSYoungGen      total 55296K, used 5194K [0x00000000f5580000, 0x00000000f9380000, 0x0000000100000000)
  eden space 47104K, 0% used [0x00000000f5580000,0x00000000f5580000,0x00000000f8380000)
  from space 8192K, 63% used [0x00000000f8380000,0x00000000f8892a58,0x00000000f8b80000)
  to   space 8192K, 0% used [0x00000000f8b80000,0x00000000f8b80000,0x00000000f9380000)
 ParOldGen       total 109568K, used 45793K [0x00000000e0000000, 0x00000000e6b00000, 0x00000000f5580000)
  object space 109568K, 41% used [0x00000000e0000000,0x00000000e2cb84a0,0x00000000e6b00000)
 Metaspace       used 92864K, capacity 100028K, committed 100096K, reserved 1136640K
  class space    used 11042K, capacity 13279K, committed 13312K, reserved 1048576K
Event: 1613.045 GC heap after
Heap after GC invocations=83 (full 12):
 PSYoungGen      total 55296K, used 0K [0x00000000f5580000, 0x00000000f9380000, 0x0000000100000000)
  eden space 47104K, 0% used [0x00000000f5580000,0x00000000f5580000,0x00000000f8380000)
  from space 8192K, 0% used [0x00000000f8380000,0x00000000f8380000,0x00000000f8b80000)
  to   space 8192K, 0% used [0x00000000f8b80000,0x00000000f8b80000,0x00000000f9380000)
 ParOldGen       total 109568K, used 47041K [0x00000000e0000000, 0x00000000e6b00000, 0x00000000f5580000)
  object space 109568K, 42% used [0x00000000e0000000,0x00000000e2df05c8,0x00000000e6b00000)
 Metaspace       used 92864K, capacity 100028K, committed 100096K, reserved 1136640K
  class space    used 11042K, capacity 13279K, committed 13312K, reserved 1048576K
}

