# JRE version: Java(TM) SE Runtime Environment (8.0_45-b15) (build 1.8.0_45-b15)
# Java VM: Java HotSpot(TM) 64-Bit Server VM (25.45-b02 mixed mode windows-amd64 compressed oops)
Heap:
 PSYoungGen      total 151040K, used 116048K [0x00000000f5580000, 0x00000000ffc80000, 0x0000000100000000)
  eden space 145408K, 79% used [0x00000000f5580000,0x00000000fc6d4120,0x00000000fe380000)
  from space 5632K, 0% used [0x00000000fe380000,0x00000000fe380000,0x00000000fe900000)
  to   space 12800K, 0% used [0x00000000ff000000,0x00000000ff000000,0x00000000ffc80000)
 ParOldGen       total 79360K, used 56806K [0x00000000e0000000, 0x00000000e4d80000, 0x00000000f5580000)
  object space 79360K, 71% used [0x00000000e0000000,0x00000000e3779910,0x00000000e4d80000)
 Metaspace       used 98729K, capacity 105892K, committed 106240K, reserved 1140736K
  class space    used 11797K, capacity 13984K, committed 14080K, reserved 1048576K
GC Heap History (10 events):
Event: 1323.346 GC heap before
{Heap before GC invocations=77 (full 16):
 PSYoungGen      total 157184K, used 40794K [0x00000000f5580000, 0x00000000fff00000, 0x0000000100000000)
  eden space 142336K, 26% used [0x00000000f5580000,0x00000000f7aadf08,0x00000000fe080000)
  from space 14848K, 18% used [0x00000000fee80000,0x00000000ff128ce0,0x00000000ffd00000)
  to   space 14336K, 0% used [0x00000000fe080000,0x00000000fe080000,0x00000000fee80000)
 ParOldGen       total 79360K, used 55013K [0x00000000e0000000, 0x00000000e4d80000, 0x00000000f5580000)
  object space 79360K, 69% used [0x00000000e0000000,0x00000000e35b9700,0x00000000e4d80000)
 Metaspace       used 93876K, capacity 100470K, committed 100736K, reserved 1136640K
  class space    used 11187K, capacity 13175K, committed 13184K, reserved 1048576K
Event: 1323.350 GC heap after
Heap after GC invocations=77 (full 16):
 PSYoungGen      total 156672K, used 2680K [0x00000000f5580000, 0x00000000fff00000, 0x0000000100000000)
  eden space 142336K, 0% used [0x00000000f5580000,0x00000000f5580000,0x00000000fe080000)
  from space 14336K, 18% used [0x00000000fe080000,0x00000000fe31e3d0,0x00000000fee80000)
  to   space 14336K, 0% used [0x00000000ff100000,0x00000000ff100000,0x00000000fff00000)
 ParOldGen       total 79360K, used 55013K [0x00000000e0000000, 0x00000000e4d80000, 0x00000000f5580000)
  object space 79360K, 69% used [0x00000000e0000000,0x00000000e35b9700,0x00000000e4d80000)
 Metaspace       used 93876K, capacity 100470K, committed 100736K, reserved 1136640K
  class space    used 11187K, capacity 13175K, committed 13184K, reserved 1048576K
}
Event: 1323.350 GC heap before
{Heap before GC invocations=78 (full 17):
 PSYoungGen      total 156672K, used 2680K [0x00000000f5580000, 0x00000000fff00000, 0x0000000100000000)
  eden space 142336K, 0% used [0x00000000f5580000,0x00000000f5580000,0x00000000fe080000)
  from space 14336K, 18% used [0x00000000fe080000,0x00000000fe31e3d0,0x00000000fee80000)
  to   space 14336K, 0% used [0x00000000ff100000,0x00000000ff100000,0x00000000fff00000)
 ParOldGen       total 79360K, used 55013K [0x00000000e0000000, 0x00000000e4d80000, 0x00000000f5580000)
  object space 79360K, 69% used [0x00000000e0000000,0x00000000e35b9700,0x00000000e4d80000)
 Metaspace       used 93876K, capacity 100470K, committed 100736K, reserved 1136640K
  class space    used 11187K, capacity 13175K, committed 13184K, reserved 1048576K
Event: 1323.769 GC heap after
Heap after GC invocations=78 (full 17):
 PSYoungGen      total 156672K, used 0K [0x00000000f5580000, 0x00000000fff00000, 0x0000000100000000)
  eden space 142336K, 0% used [0x00000000f5580000,0x00000000f5580000,0x00000000fe080000)
  from space 14336K, 0% used [0x00000000fe080000,0x00000000fe080000,0x00000000fee80000)
  to   space 14336K, 0% used [0x00000000ff100000,0x00000000ff100000,0x00000000fff00000)
 ParOldGen       total 79360K, used 53975K [0x00000000e0000000, 0x00000000e4d80000, 0x00000000f5580000)
  object space 79360K, 68% used [0x00000000e0000000,0x00000000e34b5e80,0x00000000e4d80000)
 Metaspace       used 93876K, capacity 100470K, committed 100736K, reserved 1136640K
  class space    used 11187K, capacity 13175K, committed 13184K, reserved 1048576K
}
Event: 1389.740 GC heap before
{Heap before GC invocations=79 (full 17):
 PSYoungGen      total 156672K, used 142336K [0x00000000f5580000, 0x00000000fff00000, 0x0000000100000000)
  eden space 142336K, 100% used [0x00000000f5580000,0x00000000fe080000,0x00000000fe080000)
  from space 14336K, 0% used [0x00000000fe080000,0x00000000fe080000,0x00000000fee80000)
  to   space 14336K, 0% used [0x00000000ff100000,0x00000000ff100000,0x00000000fff00000)
 ParOldGen       total 79360K, used 53975K [0x00000000e0000000, 0x00000000e4d80000, 0x00000000f5580000)
  object space 79360K, 68% used [0x00000000e0000000,0x00000000e34b5e80,0x00000000e4d80000)
 Metaspace       used 96758K, capacity 103970K, committed 104192K, reserved 1140736K
  class space    used 11566K, capacity 13734K, committed 13824K, reserved 1048576K
Event: 1389.747 GC heap after
Heap after GC invocations=79 (full 17):
 PSYoungGen      total 159232K, used 6280K [0x00000000f5580000, 0x00000000ffe80000, 0x0000000100000000)
  eden space 145408K, 0% used [0x00000000f5580000,0x00000000f5580000,0x00000000fe380000)
  from space 13824K, 45% used [0x00000000ff100000,0x00000000ff7223e8,0x00000000ffe80000)
  to   space 13824K, 0% used [0x00000000fe380000,0x00000000fe380000,0x00000000ff100000)
 ParOldGen       total 79360K, used 53983K [0x00000000e0000000, 0x00000000e4d80000, 0x00000000f5580000)
  object space 79360K, 68% used [0x00000000e0000000,0x00000000e34b7e80,0x00000000e4d80000)
 Metaspace       used 96758K, capacity 103970K, committed 104192K, reserved 1140736K
  class space    used 11566K, capacity 13734K, committed 13824K, reserved 1048576K
}
Event: 1410.243 GC heap before
{Heap before GC invocations=80 (full 17):
 PSYoungGen      total 159232K, used 56312K [0x00000000f5580000, 0x00000000ffe80000, 0x0000000100000000)
  eden space 145408K, 34% used [0x00000000f5580000,0x00000000f865bc20,0x00000000fe380000)
  from space 13824K, 45% used [0x00000000ff100000,0x00000000ff7223e8,0x00000000ffe80000)
  to   space 13824K, 0% used [0x00000000fe380000,0x00000000fe380000,0x00000000ff100000)
 ParOldGen       total 79360K, used 53983K [0x00000000e0000000, 0x00000000e4d80000, 0x00000000f5580000)
  object space 79360K, 68% used [0x00000000e0000000,0x00000000e34b7e80,0x00000000e4d80000)
 Metaspace       used 97840K, capacity 105110K, committed 105344K, reserved 1140736K
  class space    used 11708K, capacity 13852K, committed 13952K, reserved 1048576K
Event: 1410.249 GC heap after
Heap after GC invocations=80 (full 17):
 PSYoungGen      total 151040K, used 5200K [0x00000000f5580000, 0x00000000ffc80000, 0x0000000100000000)
  eden space 145408K, 0% used [0x00000000f5580000,0x00000000f5580000,0x00000000fe380000)
  from space 5632K, 92% used [0x00000000fe380000,0x00000000fe894368,0x00000000fe900000)
  to   space 12800K, 0% used [0x00000000ff000000,0x00000000ff000000,0x00000000ffc80000)
 ParOldGen       total 79360K, used 53991K [0x00000000e0000000, 0x00000000e4d80000, 0x00000000f5580000)
  object space 79360K, 68% used [0x00000000e0000000,0x00000000e34b9e80,0x00000000e4d80000)
 Metaspace       used 97840K, capacity 105110K, committed 105344K, reserved 1140736K
  class space    used 11708K, capacity 13852K, committed 13952K, reserved 1048576K
}
Event: 1410.249 GC heap before
{Heap before GC invocations=81 (full 18):
 PSYoungGen      total 151040K, used 5200K [0x00000000f5580000, 0x00000000ffc80000, 0x0000000100000000)
  eden space 145408K, 0% used [0x00000000f5580000,0x00000000f5580000,0x00000000fe380000)
  from space 5632K, 92% used [0x00000000fe380000,0x00000000fe894368,0x00000000fe900000)
  to   space 12800K, 0% used [0x00000000ff000000,0x00000000ff000000,0x00000000ffc80000)
 ParOldGen       total 79360K, used 53991K [0x00000000e0000000, 0x00000000e4d80000, 0x00000000f5580000)
  object space 79360K, 68% used [0x00000000e0000000,0x00000000e34b9e80,0x00000000e4d80000)
 Metaspace       used 97840K, capacity 105110K, committed 105344K, reserved 1140736K
  class space    used 11708K, capacity 13852K, committed 13952K, reserved 1048576K
Event: 1410.811 GC heap after
Heap after GC invocations=81 (full 18):
 PSYoungGen      total 151040K, used 0K [0x00000000f5580000, 0x00000000ffc80000, 0x0000000100000000)
  eden space 145408K, 0% used [0x00000000f5580000,0x00000000f5580000,0x00000000fe380000)
  from space 5632K, 0% used [0x00000000fe380000,0x00000000fe380000,0x00000000fe900000)
  to   space 12800K, 0% used [0x00000000ff000000,0x00000000ff000000,0x00000000ffc80000)
 ParOldGen       total 79360K, used 56806K [0x00000000e0000000, 0x00000000e4d80000, 0x00000000f5580000)
  object space 79360K, 71% used [0x00000000e0000000,0x00000000e3779910,0x00000000e4d80000)
 Metaspace       used 97836K, capacity 105104K, committed 105344K, reserved 1140736K
  class space    used 11707K, capacity 13851K, committed 13952K, reserved 1048576K
}

