# JRE version: Java(TM) SE Runtime Environment (8.0_45-b15) (build 1.8.0_45-b15)
# Java VM: Java HotSpot(TM) 64-Bit Server VM (25.45-b02 mixed mode windows-amd64 compressed oops)
Heap:
 PSYoungGen      total 26112K, used 12272K [0x00000000f5580000, 0x00000000f7180000, 0x0000000100000000)
  eden space 23552K, 46% used [0x00000000f5580000,0x00000000f604a4a0,0x00000000f6c80000)
  from space 2560K, 47% used [0x00000000f6f00000,0x00000000f7031c60,0x00000000f7180000)
  to   space 2560K, 0% used [0x00000000f6c80000,0x00000000f6c80000,0x00000000f6f00000)
 ParOldGen       total 103936K, used 59746K [0x00000000e0000000, 0x00000000e6580000, 0x00000000f5580000)
  object space 103936K, 57% used [0x00000000e0000000,0x00000000e3a58900,0x00000000e6580000)
 Metaspace       used 105898K, capacity 113004K, committed 113280K, reserved 1148928K
  class space    used 12446K, capacity 14718K, committed 14720K, reserved 1048576K
GC Heap History (10 events):
Event: 8476.990 GC heap before
{Heap before GC invocations=390 (full 18):
 PSYoungGen      total 26624K, used 24900K [0x00000000f5580000, 0x00000000f7280000, 0x0000000100000000)
  eden space 23552K, 99% used [0x00000000f5580000,0x00000000f6c7f730,0x00000000f6c80000)
  from space 3072K, 43% used [0x00000000f6c80000,0x00000000f6dd1c60,0x00000000f6f80000)
  to   space 3072K, 0% used [0x00000000f6f80000,0x00000000f6f80000,0x00000000f7280000)
 ParOldGen       total 103936K, used 59738K [0x00000000e0000000, 0x00000000e6580000, 0x00000000f5580000)
  object space 103936K, 57% used [0x00000000e0000000,0x00000000e3a56900,0x00000000e6580000)
 Metaspace       used 105297K, capacity 112678K, committed 112768K, reserved 1146880K
  class space    used 12383K, capacity 14717K, committed 14720K, reserved 1048576K
Event: 8476.993 GC heap after
Heap after GC invocations=390 (full 18):
 PSYoungGen      total 25600K, used 1255K [0x00000000f5580000, 0x00000000f7180000, 0x0000000100000000)
  eden space 23552K, 0% used [0x00000000f5580000,0x00000000f5580000,0x00000000f6c80000)
  from space 2048K, 61% used [0x00000000f6f80000,0x00000000f70b9c60,0x00000000f7180000)
  to   space 2560K, 0% used [0x00000000f6c80000,0x00000000f6c80000,0x00000000f6f00000)
 ParOldGen       total 103936K, used 59738K [0x00000000e0000000, 0x00000000e6580000, 0x00000000f5580000)
  object space 103936K, 57% used [0x00000000e0000000,0x00000000e3a56900,0x00000000e6580000)
 Metaspace       used 105297K, capacity 112678K, committed 112768K, reserved 1146880K
  class space    used 12383K, capacity 14717K, committed 14720K, reserved 1048576K
}
Event: 8812.741 GC heap before
{Heap before GC invocations=391 (full 18):
 PSYoungGen      total 25600K, used 24807K [0x00000000f5580000, 0x00000000f7180000, 0x0000000100000000)
  eden space 23552K, 100% used [0x00000000f5580000,0x00000000f6c80000,0x00000000f6c80000)
  from space 2048K, 61% used [0x00000000f6f80000,0x00000000f70b9c60,0x00000000f7180000)
  to   space 2560K, 0% used [0x00000000f6c80000,0x00000000f6c80000,0x00000000f6f00000)
 ParOldGen       total 103936K, used 59738K [0x00000000e0000000, 0x00000000e6580000, 0x00000000f5580000)
  object space 103936K, 57% used [0x00000000e0000000,0x00000000e3a56900,0x00000000e6580000)
 Metaspace       used 105298K, capacity 112678K, committed 112768K, reserved 1146880K
  class space    used 12383K, capacity 14717K, committed 14720K, reserved 1048576K
Event: 8812.744 GC heap after
Heap after GC invocations=391 (full 18):
 PSYoungGen      total 26112K, used 1287K [0x00000000f5580000, 0x00000000f7180000, 0x0000000100000000)
  eden space 23552K, 0% used [0x00000000f5580000,0x00000000f5580000,0x00000000f6c80000)
  from space 2560K, 50% used [0x00000000f6c80000,0x00000000f6dc1c60,0x00000000f6f00000)
  to   space 2560K, 0% used [0x00000000f6f00000,0x00000000f6f00000,0x00000000f7180000)
 ParOldGen       total 103936K, used 59738K [0x00000000e0000000, 0x00000000e6580000, 0x00000000f5580000)
  object space 103936K, 57% used [0x00000000e0000000,0x00000000e3a56900,0x00000000e6580000)
 Metaspace       used 105298K, capacity 112678K, committed 112768K, reserved 1146880K
  class space    used 12383K, capacity 14717K, committed 14720K, reserved 1048576K
}
Event: 8911.708 GC heap before
{Heap before GC invocations=392 (full 18):
 PSYoungGen      total 26112K, used 24839K [0x00000000f5580000, 0x00000000f7180000, 0x0000000100000000)
  eden space 23552K, 100% used [0x00000000f5580000,0x00000000f6c80000,0x00000000f6c80000)
  from space 2560K, 50% used [0x00000000f6c80000,0x00000000f6dc1c60,0x00000000f6f00000)
  to   space 2560K, 0% used [0x00000000f6f00000,0x00000000f6f00000,0x00000000f7180000)
 ParOldGen       total 103936K, used 59738K [0x00000000e0000000, 0x00000000e6580000, 0x00000000f5580000)
  object space 103936K, 57% used [0x00000000e0000000,0x00000000e3a56900,0x00000000e6580000)
 Metaspace       used 105453K, capacity 112742K, committed 113024K, reserved 1146880K
  class space    used 12404K, capacity 14717K, committed 14720K, reserved 1048576K
Event: 8911.711 GC heap after
Heap after GC invocations=392 (full 18):
 PSYoungGen      total 26112K, used 1127K [0x00000000f5580000, 0x00000000f7180000, 0x0000000100000000)
  eden space 23552K, 0% used [0x00000000f5580000,0x00000000f5580000,0x00000000f6c80000)
  from space 2560K, 44% used [0x00000000f6f00000,0x00000000f7019c60,0x00000000f7180000)
  to   space 2560K, 0% used [0x00000000f6c80000,0x00000000f6c80000,0x00000000f6f00000)
 ParOldGen       total 103936K, used 59738K [0x00000000e0000000, 0x00000000e6580000, 0x00000000f5580000)
  object space 103936K, 57% used [0x00000000e0000000,0x00000000e3a56900,0x00000000e6580000)
 Metaspace       used 105453K, capacity 112742K, committed 113024K, reserved 1146880K
  class space    used 12404K, capacity 14717K, committed 14720K, reserved 1048576K
}
Event: 8912.659 GC heap before
{Heap before GC invocations=393 (full 18):
 PSYoungGen      total 26112K, used 24679K [0x00000000f5580000, 0x00000000f7180000, 0x0000000100000000)
  eden space 23552K, 100% used [0x00000000f5580000,0x00000000f6c80000,0x00000000f6c80000)
  from space 2560K, 44% used [0x00000000f6f00000,0x00000000f7019c60,0x00000000f7180000)
  to   space 2560K, 0% used [0x00000000f6c80000,0x00000000f6c80000,0x00000000f6f00000)
 ParOldGen       total 103936K, used 59738K [0x00000000e0000000, 0x00000000e6580000, 0x00000000f5580000)
  object space 103936K, 57% used [0x00000000e0000000,0x00000000e3a56900,0x00000000e6580000)
 Metaspace       used 105470K, capacity 112742K, committed 113024K, reserved 1146880K
  class space    used 12404K, capacity 14717K, committed 14720K, reserved 1048576K
Event: 8912.662 GC heap after
Heap after GC invocations=393 (full 18):
 PSYoungGen      total 26112K, used 1063K [0x00000000f5580000, 0x00000000f7180000, 0x0000000100000000)
  eden space 23552K, 0% used [0x00000000f5580000,0x00000000f5580000,0x00000000f6c80000)
  from space 2560K, 41% used [0x00000000f6c80000,0x00000000f6d89c60,0x00000000f6f00000)
  to   space 2560K, 0% used [0x00000000f6f00000,0x00000000f6f00000,0x00000000f7180000)
 ParOldGen       total 103936K, used 59746K [0x00000000e0000000, 0x00000000e6580000, 0x00000000f5580000)
  object space 103936K, 57% used [0x00000000e0000000,0x00000000e3a58900,0x00000000e6580000)
 Metaspace       used 105470K, capacity 112742K, committed 113024K, reserved 1146880K
  class space    used 12404K, capacity 14717K, committed 14720K, reserved 1048576K
}
Event: 8912.935 GC heap before
{Heap before GC invocations=394 (full 18):
 PSYoungGen      total 26112K, used 24615K [0x00000000f5580000, 0x00000000f7180000, 0x0000000100000000)
  eden space 23552K, 100% used [0x00000000f5580000,0x00000000f6c80000,0x00000000f6c80000)
  from space 2560K, 41% used [0x00000000f6c80000,0x00000000f6d89c60,0x00000000f6f00000)
  to   space 2560K, 0% used [0x00000000f6f00000,0x00000000f6f00000,0x00000000f7180000)
 ParOldGen       total 103936K, used 59746K [0x00000000e0000000, 0x00000000e6580000, 0x00000000f5580000)
  object space 103936K, 57% used [0x00000000e0000000,0x00000000e3a58900,0x00000000e6580000)
 Metaspace       used 105555K, capacity 112742K, committed 113024K, reserved 1146880K
  class space    used 12413K, capacity 14717K, committed 14720K, reserved 1048576K
Event: 8912.939 GC heap after
Heap after GC invocations=394 (full 18):
 PSYoungGen      total 26112K, used 1223K [0x00000000f5580000, 0x00000000f7180000, 0x0000000100000000)
  eden space 23552K, 0% used [0x00000000f5580000,0x00000000f5580000,0x00000000f6c80000)
  from space 2560K, 47% used [0x00000000f6f00000,0x00000000f7031c60,0x00000000f7180000)
  to   space 2560K, 0% used [0x00000000f6c80000,0x00000000f6c80000,0x00000000f6f00000)
 ParOldGen       total 103936K, used 59746K [0x00000000e0000000, 0x00000000e6580000, 0x00000000f5580000)
  object space 103936K, 57% used [0x00000000e0000000,0x00000000e3a58900,0x00000000e6580000)
 Metaspace       used 105555K, capacity 112742K, committed 113024K, reserved 1146880K
  class space    used 12413K, capacity 14717K, committed 14720K, reserved 1048576K
}

