# JRE version: Java(TM) SE Runtime Environment (8.0_45-b15) (build 1.8.0_45-b15)
# Java VM: Java HotSpot(TM) 64-Bit Server VM (25.45-b02 mixed mode windows-amd64 compressed oops)
Heap:
 PSYoungGen      total 51712K, used 17628K [0x00000000f5580000, 0x00000000f9300000, 0x0000000100000000)
  eden space 42496K, 30% used [0x00000000f5580000,0x00000000f6259920,0x00000000f7f00000)
  from space 9216K, 48% used [0x00000000f8a00000,0x00000000f8e5d770,0x00000000f9300000)
  to   space 10240K, 0% used [0x00000000f7f00000,0x00000000f7f00000,0x00000000f8900000)
 ParOldGen       total 105984K, used 68751K [0x00000000e0000000, 0x00000000e6780000, 0x00000000f5580000)
  object space 105984K, 64% used [0x00000000e0000000,0x00000000e4323f58,0x00000000e6780000)
 Metaspace       used 106498K, capacity 113854K, committed 114176K, reserved 1148928K
  class space    used 12258K, capacity 14505K, committed 14592K, reserved 1048576K
GC Heap History (10 events):
Event: 15576.013 GC heap before
{Heap before GC invocations=642 (full 110):
 PSYoungGen      total 51712K, used 51333K [0x00000000f5580000, 0x00000000f9380000, 0x0000000100000000)
  eden space 45056K, 100% used [0x00000000f5580000,0x00000000f8180000,0x00000000f8180000)
  from space 6656K, 94% used [0x00000000f8200000,0x00000000f8821770,0x00000000f8880000)
  to   space 9216K, 0% used [0x00000000f8a80000,0x00000000f8a80000,0x00000000f9380000)
 ParOldGen       total 105984K, used 68743K [0x00000000e0000000, 0x00000000e6780000, 0x00000000f5580000)
  object space 105984K, 64% used [0x00000000e0000000,0x00000000e4321f58,0x00000000e6780000)
 Metaspace       used 105889K, capacity 113174K, committed 113280K, reserved 1148928K
  class space    used 12190K, capacity 14406K, committed 14464K, reserved 1048576K
Event: 15576.019 GC heap after
Heap after GC invocations=642 (full 110):
 PSYoungGen      total 53760K, used 6699K [0x00000000f5580000, 0x00000000f9400000, 0x0000000100000000)
  eden space 44544K, 0% used [0x00000000f5580000,0x00000000f5580000,0x00000000f8100000)
  from space 9216K, 72% used [0x00000000f8a80000,0x00000000f910aee8,0x00000000f9380000)
  to   space 9728K, 0% used [0x00000000f8100000,0x00000000f8100000,0x00000000f8a80000)
 ParOldGen       total 105984K, used 68743K [0x00000000e0000000, 0x00000000e6780000, 0x00000000f5580000)
  object space 105984K, 64% used [0x00000000e0000000,0x00000000e4321f58,0x00000000e6780000)
 Metaspace       used 105889K, capacity 113174K, committed 113280K, reserved 1148928K
  class space    used 12190K, capacity 14406K, committed 14464K, reserved 1048576K
}
Event: 15597.120 GC heap before
{Heap before GC invocations=643 (full 110):
 PSYoungGen      total 53760K, used 51243K [0x00000000f5580000, 0x00000000f9400000, 0x0000000100000000)
  eden space 44544K, 100% used [0x00000000f5580000,0x00000000f8100000,0x00000000f8100000)
  from space 9216K, 72% used [0x00000000f8a80000,0x00000000f910aee8,0x00000000f9380000)
  to   space 9728K, 0% used [0x00000000f8100000,0x00000000f8100000,0x00000000f8a80000)
 ParOldGen       total 105984K, used 68743K [0x00000000e0000000, 0x00000000e6780000, 0x00000000f5580000)
  object space 105984K, 64% used [0x00000000e0000000,0x00000000e4321f58,0x00000000e6780000)
 Metaspace       used 105915K, capacity 113238K, committed 113536K, reserved 1148928K
  class space    used 12192K, capacity 14406K, committed 14464K, reserved 1048576K
Event: 15597.126 GC heap after
Heap after GC invocations=643 (full 110):
 PSYoungGen      total 50688K, used 6421K [0x00000000f5580000, 0x00000000f9380000, 0x0000000100000000)
  eden space 44032K, 0% used [0x00000000f5580000,0x00000000f5580000,0x00000000f8080000)
  from space 6656K, 96% used [0x00000000f8100000,0x00000000f8745790,0x00000000f8780000)
  to   space 9728K, 0% used [0x00000000f8a00000,0x00000000f8a00000,0x00000000f9380000)
 ParOldGen       total 105984K, used 68751K [0x00000000e0000000, 0x00000000e6780000, 0x00000000f5580000)
  object space 105984K, 64% used [0x00000000e0000000,0x00000000e4323f58,0x00000000e6780000)
 Metaspace       used 105915K, capacity 113238K, committed 113536K, reserved 1148928K
  class space    used 12192K, capacity 14406K, committed 14464K, reserved 1048576K
}
Event: 15615.849 GC heap before
{Heap before GC invocations=644 (full 110):
 PSYoungGen      total 50688K, used 50453K [0x00000000f5580000, 0x00000000f9380000, 0x0000000100000000)
  eden space 44032K, 100% used [0x00000000f5580000,0x00000000f8080000,0x00000000f8080000)
  from space 6656K, 96% used [0x00000000f8100000,0x00000000f8745790,0x00000000f8780000)
  to   space 9728K, 0% used [0x00000000f8a00000,0x00000000f8a00000,0x00000000f9380000)
 ParOldGen       total 105984K, used 68751K [0x00000000e0000000, 0x00000000e6780000, 0x00000000f5580000)
  object space 105984K, 64% used [0x00000000e0000000,0x00000000e4323f58,0x00000000e6780000)
 Metaspace       used 105916K, capacity 113238K, committed 113536K, reserved 1148928K
  class space    used 12192K, capacity 14406K, committed 14464K, reserved 1048576K
Event: 15615.855 GC heap after
Heap after GC invocations=644 (full 110):
 PSYoungGen      total 53248K, used 7387K [0x00000000f5580000, 0x00000000f9400000, 0x0000000100000000)
  eden space 43520K, 0% used [0x00000000f5580000,0x00000000f5580000,0x00000000f8000000)
  from space 9728K, 75% used [0x00000000f8a00000,0x00000000f9136ed8,0x00000000f9380000)
  to   space 10240K, 0% used [0x00000000f8000000,0x00000000f8000000,0x00000000f8a00000)
 ParOldGen       total 105984K, used 68751K [0x00000000e0000000, 0x00000000e6780000, 0x00000000f5580000)
  object space 105984K, 64% used [0x00000000e0000000,0x00000000e4323f58,0x00000000e6780000)
 Metaspace       used 105916K, capacity 113238K, committed 113536K, reserved 1148928K
  class space    used 12192K, capacity 14406K, committed 14464K, reserved 1048576K
}
Event: 15640.759 GC heap before
{Heap before GC invocations=645 (full 110):
 PSYoungGen      total 53248K, used 50907K [0x00000000f5580000, 0x00000000f9400000, 0x0000000100000000)
  eden space 43520K, 100% used [0x00000000f5580000,0x00000000f8000000,0x00000000f8000000)
  from space 9728K, 75% used [0x00000000f8a00000,0x00000000f9136ed8,0x00000000f9380000)
  to   space 10240K, 0% used [0x00000000f8000000,0x00000000f8000000,0x00000000f8a00000)
 ParOldGen       total 105984K, used 68751K [0x00000000e0000000, 0x00000000e6780000, 0x00000000f5580000)
  object space 105984K, 64% used [0x00000000e0000000,0x00000000e4323f58,0x00000000e6780000)
 Metaspace       used 106094K, capacity 113430K, committed 113664K, reserved 1148928K
  class space    used 12216K, capacity 14470K, committed 14592K, reserved 1048576K
Event: 15640.766 GC heap after
Heap after GC invocations=645 (full 110):
 PSYoungGen      total 53248K, used 7382K [0x00000000f5580000, 0x00000000f9480000, 0x0000000100000000)
  eden space 43008K, 0% used [0x00000000f5580000,0x00000000f5580000,0x00000000f7f80000)
  from space 10240K, 72% used [0x00000000f8000000,0x00000000f8735ae0,0x00000000f8a00000)
  to   space 10752K, 0% used [0x00000000f8a00000,0x00000000f8a00000,0x00000000f9480000)
 ParOldGen       total 105984K, used 68751K [0x00000000e0000000, 0x00000000e6780000, 0x00000000f5580000)
  object space 105984K, 64% used [0x00000000e0000000,0x00000000e4323f58,0x00000000e6780000)
 Metaspace       used 106094K, capacity 113430K, committed 113664K, reserved 1148928K
  class space    used 12216K, capacity 14470K, committed 14592K, reserved 1048576K
}
Event: 15641.412 GC heap before
{Heap before GC invocations=646 (full 110):
 PSYoungGen      total 53248K, used 50390K [0x00000000f5580000, 0x00000000f9480000, 0x0000000100000000)
  eden space 43008K, 100% used [0x00000000f5580000,0x00000000f7f80000,0x00000000f7f80000)
  from space 10240K, 72% used [0x00000000f8000000,0x00000000f8735ae0,0x00000000f8a00000)
  to   space 10752K, 0% used [0x00000000f8a00000,0x00000000f8a00000,0x00000000f9480000)
 ParOldGen       total 105984K, used 68751K [0x00000000e0000000, 0x00000000e6780000, 0x00000000f5580000)
  object space 105984K, 64% used [0x00000000e0000000,0x00000000e4323f58,0x00000000e6780000)
 Metaspace       used 106132K, capacity 113436K, committed 113664K, reserved 1148928K
  class space    used 12221K, capacity 14471K, committed 14592K, reserved 1048576K
Event: 15641.422 GC heap after
Heap after GC invocations=646 (full 110):
 PSYoungGen      total 51712K, used 4469K [0x00000000f5580000, 0x00000000f9300000, 0x0000000100000000)
  eden space 42496K, 0% used [0x00000000f5580000,0x00000000f5580000,0x00000000f7f00000)
  from space 9216K, 48% used [0x00000000f8a00000,0x00000000f8e5d770,0x00000000f9300000)
  to   space 10240K, 0% used [0x00000000f7f00000,0x00000000f7f00000,0x00000000f8900000)
 ParOldGen       total 105984K, used 68751K [0x00000000e0000000, 0x00000000e6780000, 0x00000000f5580000)
  object space 105984K, 64% used [0x00000000e0000000,0x00000000e4323f58,0x00000000e6780000)
 Metaspace       used 106132K, capacity 113436K, committed 113664K, reserved 1148928K
  class space    used 12221K, capacity 14471K, committed 14592K, reserved 1048576K
}

