# JRE version: Java(TM) SE Runtime Environment (8.0_45-b15) (build 1.8.0_45-b15)
# Java VM: Java HotSpot(TM) 64-Bit Server VM (25.45-b02 mixed mode windows-amd64 compressed oops)
Heap:
 PSYoungGen      total 109568K, used 28334K [0x00000000f5580000, 0x00000000fd800000, 0x0000000100000000)
  eden space 87552K, 30% used [0x00000000f5580000,0x00000000f6fbdd30,0x00000000fab00000)
  from space 22016K, 6% used [0x00000000fc100000,0x00000000fc26dc70,0x00000000fd680000)
  to   space 22528K, 0% used [0x00000000fab00000,0x00000000fab00000,0x00000000fc100000)
 ParOldGen       total 107008K, used 57783K [0x00000000e0000000, 0x00000000e6880000, 0x00000000f5580000)
  object space 107008K, 53% used [0x00000000e0000000,0x00000000e386dcc0,0x00000000e6880000)
 Metaspace       used 101209K, capacity 108320K, committed 108544K, reserved 1142784K
  class space    used 12335K, capacity 14467K, committed 14592K, reserved 1048576K
GC Heap History (10 events):
Event: 1348.058 GC heap before
{Heap before GC invocations=40 (full 7):
 PSYoungGen      total 112640K, used 101228K [0x00000000f5580000, 0x00000000fdf80000, 0x0000000100000000)
  eden space 93184K, 100% used [0x00000000f5580000,0x00000000fb080000,0x00000000fb080000)
  from space 19456K, 41% used [0x00000000fcc80000,0x00000000fd45b290,0x00000000fdf80000)
  to   space 24064K, 0% used [0x00000000fb080000,0x00000000fb080000,0x00000000fc800000)
 ParOldGen       total 107008K, used 54941K [0x00000000e0000000, 0x00000000e6880000, 0x00000000f5580000)
  object space 107008K, 51% used [0x00000000e0000000,0x00000000e35a77b8,0x00000000e6880000)
 Metaspace       used 99979K, capacity 107260K, committed 107648K, reserved 1142784K
  class space    used 12217K, capacity 14332K, committed 14464K, reserved 1048576K
Event: 1348.064 GC heap after
Heap after GC invocations=40 (full 7):
 PSYoungGen      total 100864K, used 9974K [0x00000000f5580000, 0x00000000fdb00000, 0x0000000100000000)
  eden space 90624K, 0% used [0x00000000f5580000,0x00000000f5580000,0x00000000fae00000)
  from space 10240K, 97% used [0x00000000fb080000,0x00000000fba3db00,0x00000000fba80000)
  to   space 23040K, 0% used [0x00000000fc480000,0x00000000fc480000,0x00000000fdb00000)
 ParOldGen       total 107008K, used 54949K [0x00000000e0000000, 0x00000000e6880000, 0x00000000f5580000)
  object space 107008K, 51% used [0x00000000e0000000,0x00000000e35a97b8,0x00000000e6880000)
 Metaspace       used 99979K, capacity 107260K, committed 107648K, reserved 1142784K
  class space    used 12217K, capacity 14332K, committed 14464K, reserved 1048576K
}
Event: 1354.296 GC heap before
{Heap before GC invocations=41 (full 7):
 PSYoungGen      total 100864K, used 100598K [0x00000000f5580000, 0x00000000fdb00000, 0x0000000100000000)
  eden space 90624K, 100% used [0x00000000f5580000,0x00000000fae00000,0x00000000fae00000)
  from space 10240K, 97% used [0x00000000fb080000,0x00000000fba3db00,0x00000000fba80000)
  to   space 23040K, 0% used [0x00000000fc480000,0x00000000fc480000,0x00000000fdb00000)
 ParOldGen       total 107008K, used 54949K [0x00000000e0000000, 0x00000000e6880000, 0x00000000f5580000)
  object space 107008K, 51% used [0x00000000e0000000,0x00000000e35a97b8,0x00000000e6880000)
 Metaspace       used 100275K, capacity 107554K, committed 107904K, reserved 1142784K
  class space    used 12245K, capacity 14365K, committed 14464K, reserved 1048576K
Event: 1354.302 GC heap after
Heap after GC invocations=41 (full 7):
 PSYoungGen      total 108544K, used 6603K [0x00000000f5580000, 0x00000000fd880000, 0x0000000100000000)
  eden space 88064K, 0% used [0x00000000f5580000,0x00000000f5580000,0x00000000fab80000)
  from space 20480K, 32% used [0x00000000fc480000,0x00000000fcaf2e50,0x00000000fd880000)
  to   space 23040K, 0% used [0x00000000fab80000,0x00000000fab80000,0x00000000fc200000)
 ParOldGen       total 107008K, used 54957K [0x00000000e0000000, 0x00000000e6880000, 0x00000000f5580000)
  object space 107008K, 51% used [0x00000000e0000000,0x00000000e35ab7b8,0x00000000e6880000)
 Metaspace       used 100275K, capacity 107554K, committed 107904K, reserved 1142784K
  class space    used 12245K, capacity 14365K, committed 14464K, reserved 1048576K
}
Event: 1378.639 GC heap before
{Heap before GC invocations=42 (full 7):
 PSYoungGen      total 108544K, used 72931K [0x00000000f5580000, 0x00000000fd880000, 0x0000000100000000)
  eden space 88064K, 75% used [0x00000000f5580000,0x00000000f9645f38,0x00000000fab80000)
  from space 20480K, 32% used [0x00000000fc480000,0x00000000fcaf2e50,0x00000000fd880000)
  to   space 23040K, 0% used [0x00000000fab80000,0x00000000fab80000,0x00000000fc200000)
 ParOldGen       total 107008K, used 54957K [0x00000000e0000000, 0x00000000e6880000, 0x00000000f5580000)
  object space 107008K, 51% used [0x00000000e0000000,0x00000000e35ab7b8,0x00000000e6880000)
 Metaspace       used 100444K, capacity 107818K, committed 108160K, reserved 1142784K
  class space    used 12268K, capacity 14432K, committed 14464K, reserved 1048576K
Event: 1378.645 GC heap after
Heap after GC invocations=42 (full 7):
 PSYoungGen      total 96256K, used 8019K [0x00000000f5580000, 0x00000000fd680000, 0x0000000100000000)
  eden space 88064K, 0% used [0x00000000f5580000,0x00000000f5580000,0x00000000fab80000)
  from space 8192K, 97% used [0x00000000fab80000,0x00000000fb354f30,0x00000000fb380000)
  to   space 22016K, 0% used [0x00000000fc100000,0x00000000fc100000,0x00000000fd680000)
 ParOldGen       total 107008K, used 54965K [0x00000000e0000000, 0x00000000e6880000, 0x00000000f5580000)
  object space 107008K, 51% used [0x00000000e0000000,0x00000000e35ad7b8,0x00000000e6880000)
 Metaspace       used 100444K, capacity 107818K, committed 108160K, reserved 1142784K
  class space    used 12268K, capacity 14432K, committed 14464K, reserved 1048576K
}
Event: 1378.646 GC heap before
{Heap before GC invocations=43 (full 8):
 PSYoungGen      total 96256K, used 8019K [0x00000000f5580000, 0x00000000fd680000, 0x0000000100000000)
  eden space 88064K, 0% used [0x00000000f5580000,0x00000000f5580000,0x00000000fab80000)
  from space 8192K, 97% used [0x00000000fab80000,0x00000000fb354f30,0x00000000fb380000)
  to   space 22016K, 0% used [0x00000000fc100000,0x00000000fc100000,0x00000000fd680000)
 ParOldGen       total 107008K, used 54965K [0x00000000e0000000, 0x00000000e6880000, 0x00000000f5580000)
  object space 107008K, 51% used [0x00000000e0000000,0x00000000e35ad7b8,0x00000000e6880000)
 Metaspace       used 100444K, capacity 107818K, committed 108160K, reserved 1142784K
  class space    used 12268K, capacity 14432K, committed 14464K, reserved 1048576K
Event: 1379.128 GC heap after
Heap after GC invocations=43 (full 8):
 PSYoungGen      total 96256K, used 0K [0x00000000f5580000, 0x00000000fd680000, 0x0000000100000000)
  eden space 88064K, 0% used [0x00000000f5580000,0x00000000f5580000,0x00000000fab80000)
  from space 8192K, 0% used [0x00000000fab80000,0x00000000fab80000,0x00000000fb380000)
  to   space 22016K, 0% used [0x00000000fc100000,0x00000000fc100000,0x00000000fd680000)
 ParOldGen       total 107008K, used 57775K [0x00000000e0000000, 0x00000000e6880000, 0x00000000f5580000)
  object space 107008K, 53% used [0x00000000e0000000,0x00000000e386bcc0,0x00000000e6880000)
 Metaspace       used 100444K, capacity 107818K, committed 108160K, reserved 1142784K
  class space    used 12268K, capacity 14432K, committed 14464K, reserved 1048576K
}
Event: 1422.808 GC heap before
{Heap before GC invocations=44 (full 8):
 PSYoungGen      total 96256K, used 88064K [0x00000000f5580000, 0x00000000fd680000, 0x0000000100000000)
  eden space 88064K, 100% used [0x00000000f5580000,0x00000000fab80000,0x00000000fab80000)
  from space 8192K, 0% used [0x00000000fab80000,0x00000000fab80000,0x00000000fb380000)
  to   space 22016K, 0% used [0x00000000fc100000,0x00000000fc100000,0x00000000fd680000)
 ParOldGen       total 107008K, used 57775K [0x00000000e0000000, 0x00000000e6880000, 0x00000000f5580000)
  object space 107008K, 53% used [0x00000000e0000000,0x00000000e386bcc0,0x00000000e6880000)
 Metaspace       used 100780K, capacity 108124K, committed 108544K, reserved 1142784K
  class space    used 12297K, capacity 14467K, committed 14592K, reserved 1048576K
Event: 1422.813 GC heap after
Heap after GC invocations=44 (full 8):
 PSYoungGen      total 109568K, used 1463K [0x00000000f5580000, 0x00000000fd800000, 0x0000000100000000)
  eden space 87552K, 0% used [0x00000000f5580000,0x00000000f5580000,0x00000000fab00000)
  from space 22016K, 6% used [0x00000000fc100000,0x00000000fc26dc70,0x00000000fd680000)
  to   space 22528K, 0% used [0x00000000fab00000,0x00000000fab00000,0x00000000fc100000)
 ParOldGen       total 107008K, used 57783K [0x00000000e0000000, 0x00000000e6880000, 0x00000000f5580000)
  object space 107008K, 53% used [0x00000000e0000000,0x00000000e386dcc0,0x00000000e6880000)
 Metaspace       used 100780K, capacity 108124K, committed 108544K, reserved 1142784K
  class space    used 12297K, capacity 14467K, committed 14592K, reserved 1048576K
}

