# JRE version: Java(TM) SE Runtime Environment (8.0_45-b15) (build 1.8.0_45-b15)
# Java VM: Java HotSpot(TM) 64-Bit Server VM (25.45-b02 mixed mode windows-amd64 compressed oops)
Heap:
 PSYoungGen      total 77824K, used 47304K [0x00000000f5580000, 0x00000000fcb80000, 0x0000000100000000)
  eden space 69632K, 67% used [0x00000000f5580000,0x00000000f83b2098,0x00000000f9980000)
  from space 8192K, 0% used [0x00000000f9980000,0x00000000f9980000,0x00000000fa180000)
  to   space 25600K, 0% used [0x00000000fb280000,0x00000000fb280000,0x00000000fcb80000)
 ParOldGen       total 100864K, used 56460K [0x00000000e0000000, 0x00000000e6280000, 0x00000000f5580000)
  object space 100864K, 55% used [0x00000000e0000000,0x00000000e37231c0,0x00000000e6280000)
 Metaspace       used 85358K, capacity 92466K, committed 92800K, reserved 1128448K
  class space    used 10797K, capacity 12859K, committed 12928K, reserved 1048576K
GC Heap History (10 events):
Event: 69.802 GC heap before
{Heap before GC invocations=22 (full 4):
 PSYoungGen      total 91136K, used 19526K [0x00000000f5580000, 0x00000000fcb00000, 0x0000000100000000)
  eden space 65024K, 0% used [0x00000000f5580000,0x00000000f5580000,0x00000000f9500000)
  from space 26112K, 74% used [0x00000000faf80000,0x00000000fc2919a0,0x00000000fc900000)
  to   space 27136K, 0% used [0x00000000f9500000,0x00000000f9500000,0x00000000faf80000)
 ParOldGen       total 100864K, used 36839K [0x00000000e0000000, 0x00000000e6280000, 0x00000000f5580000)
  object space 100864K, 36% used [0x00000000e0000000,0x00000000e23f9cf8,0x00000000e6280000)
 Metaspace       used 77406K, capacity 84290K, committed 84480K, reserved 1122304K
  class space    used 9704K, capacity 11697K, committed 11776K, reserved 1048576K
Event: 70.240 GC heap after
Heap after GC invocations=22 (full 4):
 PSYoungGen      total 91136K, used 0K [0x00000000f5580000, 0x00000000fcb00000, 0x0000000100000000)
  eden space 65024K, 0% used [0x00000000f5580000,0x00000000f5580000,0x00000000f9500000)
  from space 26112K, 0% used [0x00000000faf80000,0x00000000faf80000,0x00000000fc900000)
  to   space 27136K, 0% used [0x00000000f9500000,0x00000000f9500000,0x00000000faf80000)
 ParOldGen       total 100864K, used 50261K [0x00000000e0000000, 0x00000000e6280000, 0x00000000f5580000)
  object space 100864K, 49% used [0x00000000e0000000,0x00000000e3115498,0x00000000e6280000)
 Metaspace       used 77406K, capacity 84290K, committed 84480K, reserved 1122304K
  class space    used 9704K, capacity 11697K, committed 11776K, reserved 1048576K
}
Event: 115.082 GC heap before
{Heap before GC invocations=23 (full 4):
 PSYoungGen      total 91136K, used 65024K [0x00000000f5580000, 0x00000000fcb00000, 0x0000000100000000)
  eden space 65024K, 100% used [0x00000000f5580000,0x00000000f9500000,0x00000000f9500000)
  from space 26112K, 0% used [0x00000000faf80000,0x00000000faf80000,0x00000000fc900000)
  to   space 27136K, 0% used [0x00000000f9500000,0x00000000f9500000,0x00000000faf80000)
 ParOldGen       total 100864K, used 50261K [0x00000000e0000000, 0x00000000e6280000, 0x00000000f5580000)
  object space 100864K, 49% used [0x00000000e0000000,0x00000000e3115498,0x00000000e6280000)
 Metaspace       used 81954K, capacity 88924K, committed 89088K, reserved 1126400K
  class space    used 10387K, capacity 12453K, committed 12544K, reserved 1048576K
Event: 115.088 GC heap after
Heap after GC invocations=23 (full 4):
 PSYoungGen      total 92160K, used 6656K [0x00000000f5580000, 0x00000000fcf80000, 0x0000000100000000)
  eden space 65024K, 0% used [0x00000000f5580000,0x00000000f5580000,0x00000000f9500000)
  from space 27136K, 24% used [0x00000000f9500000,0x00000000f9b800a0,0x00000000faf80000)
  to   space 27136K, 0% used [0x00000000fb500000,0x00000000fb500000,0x00000000fcf80000)
 ParOldGen       total 100864K, used 50269K [0x00000000e0000000, 0x00000000e6280000, 0x00000000f5580000)
  object space 100864K, 49% used [0x00000000e0000000,0x00000000e3117498,0x00000000e6280000)
 Metaspace       used 81954K, capacity 88924K, committed 89088K, reserved 1126400K
  class space    used 10387K, capacity 12453K, committed 12544K, reserved 1048576K
}
Event: 119.472 GC heap before
{Heap before GC invocations=24 (full 4):
 PSYoungGen      total 92160K, used 71680K [0x00000000f5580000, 0x00000000fcf80000, 0x0000000100000000)
  eden space 65024K, 100% used [0x00000000f5580000,0x00000000f9500000,0x00000000f9500000)
  from space 27136K, 24% used [0x00000000f9500000,0x00000000f9b800a0,0x00000000faf80000)
  to   space 27136K, 0% used [0x00000000fb500000,0x00000000fb500000,0x00000000fcf80000)
 ParOldGen       total 100864K, used 50269K [0x00000000e0000000, 0x00000000e6280000, 0x00000000f5580000)
  object space 100864K, 49% used [0x00000000e0000000,0x00000000e3117498,0x00000000e6280000)
 Metaspace       used 83751K, capacity 90630K, committed 90752K, reserved 1128448K
  class space    used 10643K, capacity 12656K, committed 12672K, reserved 1048576K
Event: 119.478 GC heap after
Heap after GC invocations=24 (full 4):
 PSYoungGen      total 94720K, used 7471K [0x00000000f5580000, 0x00000000fcd80000, 0x0000000100000000)
  eden space 69632K, 0% used [0x00000000f5580000,0x00000000f5580000,0x00000000f9980000)
  from space 25088K, 29% used [0x00000000fb500000,0x00000000fbc4bf58,0x00000000fcd80000)
  to   space 26624K, 0% used [0x00000000f9980000,0x00000000f9980000,0x00000000fb380000)
 ParOldGen       total 100864K, used 50277K [0x00000000e0000000, 0x00000000e6280000, 0x00000000f5580000)
  object space 100864K, 49% used [0x00000000e0000000,0x00000000e3119498,0x00000000e6280000)
 Metaspace       used 83751K, capacity 90630K, committed 90752K, reserved 1128448K
  class space    used 10643K, capacity 12656K, committed 12672K, reserved 1048576K
}
Event: 138.013 GC heap before
{Heap before GC invocations=25 (full 4):
 PSYoungGen      total 94720K, used 36529K [0x00000000f5580000, 0x00000000fcd80000, 0x0000000100000000)
  eden space 69632K, 41% used [0x00000000f5580000,0x00000000f71e04f8,0x00000000f9980000)
  from space 25088K, 29% used [0x00000000fb500000,0x00000000fbc4bf58,0x00000000fcd80000)
  to   space 26624K, 0% used [0x00000000f9980000,0x00000000f9980000,0x00000000fb380000)
 ParOldGen       total 100864K, used 50277K [0x00000000e0000000, 0x00000000e6280000, 0x00000000f5580000)
  object space 100864K, 49% used [0x00000000e0000000,0x00000000e3119498,0x00000000e6280000)
 Metaspace       used 84055K, capacity 91078K, committed 91264K, reserved 1128448K
  class space    used 10673K, capacity 12656K, committed 12672K, reserved 1048576K
Event: 138.020 GC heap after
Heap after GC invocations=25 (full 4):
 PSYoungGen      total 77824K, used 8043K [0x00000000f5580000, 0x00000000fcb80000, 0x0000000100000000)
  eden space 69632K, 0% used [0x00000000f5580000,0x00000000f5580000,0x00000000f9980000)
  from space 8192K, 98% used [0x00000000f9980000,0x00000000fa15afb0,0x00000000fa180000)
  to   space 25600K, 0% used [0x00000000fb280000,0x00000000fb280000,0x00000000fcb80000)
 ParOldGen       total 100864K, used 50285K [0x00000000e0000000, 0x00000000e6280000, 0x00000000f5580000)
  object space 100864K, 49% used [0x00000000e0000000,0x00000000e311b498,0x00000000e6280000)
 Metaspace       used 84055K, capacity 91078K, committed 91264K, reserved 1128448K
  class space    used 10673K, capacity 12656K, committed 12672K, reserved 1048576K
}
Event: 138.020 GC heap before
{Heap before GC invocations=26 (full 5):
 PSYoungGen      total 77824K, used 8043K [0x00000000f5580000, 0x00000000fcb80000, 0x0000000100000000)
  eden space 69632K, 0% used [0x00000000f5580000,0x00000000f5580000,0x00000000f9980000)
  from space 8192K, 98% used [0x00000000f9980000,0x00000000fa15afb0,0x00000000fa180000)
  to   space 25600K, 0% used [0x00000000fb280000,0x00000000fb280000,0x00000000fcb80000)
 ParOldGen       total 100864K, used 50285K [0x00000000e0000000, 0x00000000e6280000, 0x00000000f5580000)
  object space 100864K, 49% used [0x00000000e0000000,0x00000000e311b498,0x00000000e6280000)
 Metaspace       used 84055K, capacity 91078K, committed 91264K, reserved 1128448K
  class space    used 10673K, capacity 12656K, committed 12672K, reserved 1048576K
Event: 138.530 GC heap after
Heap after GC invocations=26 (full 5):
 PSYoungGen      total 77824K, used 0K [0x00000000f5580000, 0x00000000fcb80000, 0x0000000100000000)
  eden space 69632K, 0% used [0x00000000f5580000,0x00000000f5580000,0x00000000f9980000)
  from space 8192K, 0% used [0x00000000f9980000,0x00000000f9980000,0x00000000fa180000)
  to   space 25600K, 0% used [0x00000000fb280000,0x00000000fb280000,0x00000000fcb80000)
 ParOldGen       total 100864K, used 56460K [0x00000000e0000000, 0x00000000e6280000, 0x00000000f5580000)
  object space 100864K, 55% used [0x00000000e0000000,0x00000000e37231c0,0x00000000e6280000)
 Metaspace       used 84055K, capacity 91078K, committed 91264K, reserved 1128448K
  class space    used 10673K, capacity 12656K, committed 12672K, reserved 1048576K
}

