# JRE version: Java(TM) SE Runtime Environment (8.0_45-b15) (build 1.8.0_45-b15)
# Java VM: Java HotSpot(TM) 64-Bit Server VM (25.45-b02 mixed mode windows-amd64 compressed oops)
Heap:
 PSYoungGen      total 88064K, used 15108K [0x00000000f5580000, 0x00000000fc000000, 0x0000000100000000)
  eden space 72192K, 17% used [0x00000000f5580000,0x00000000f61b2a78,0x00000000f9c00000)
  from space 15872K, 16% used [0x00000000fb080000,0x00000000fb30e6d8,0x00000000fc000000)
  to   space 18432K, 0% used [0x00000000f9c00000,0x00000000f9c00000,0x00000000fae00000)
 ParOldGen       total 103424K, used 62521K [0x00000000e0000000, 0x00000000e6500000, 0x00000000f5580000)
  object space 103424K, 60% used [0x00000000e0000000,0x00000000e3d0e7b0,0x00000000e6500000)
 Metaspace       used 96332K, capacity 103178K, committed 103552K, reserved 1138688K
  class space    used 11781K, capacity 13832K, committed 13952K, reserved 1048576K
GC Heap History (10 events):
Event: 395.557 GC heap before
{Heap before GC invocations=41 (full 8):
 PSYoungGen      total 94208K, used 76983K [0x00000000f5580000, 0x00000000fc600000, 0x0000000100000000)
  eden space 73216K, 100% used [0x00000000f5580000,0x00000000f9d00000,0x00000000f9d00000)
  from space 20992K, 17% used [0x00000000fb180000,0x00000000fb52def0,0x00000000fc600000)
  to   space 20992K, 0% used [0x00000000f9d00000,0x00000000f9d00000,0x00000000fb180000)
 ParOldGen       total 103424K, used 58166K [0x00000000e0000000, 0x00000000e6500000, 0x00000000f5580000)
  object space 103424K, 56% used [0x00000000e0000000,0x00000000e38cd9f8,0x00000000e6500000)
 Metaspace       used 95125K, capacity 101976K, committed 102272K, reserved 1138688K
  class space    used 11683K, capacity 13669K, committed 13696K, reserved 1048576K
Event: 395.563 GC heap after
Heap after GC invocations=41 (full 8):
 PSYoungGen      total 79360K, used 5776K [0x00000000f5580000, 0x00000000fc480000, 0x0000000100000000)
  eden space 73216K, 0% used [0x00000000f5580000,0x00000000f5580000,0x00000000f9d00000)
  from space 6144K, 94% used [0x00000000f9d00000,0x00000000fa2a4020,0x00000000fa300000)
  to   space 19968K, 0% used [0x00000000fb100000,0x00000000fb100000,0x00000000fc480000)
 ParOldGen       total 103424K, used 58174K [0x00000000e0000000, 0x00000000e6500000, 0x00000000f5580000)
  object space 103424K, 56% used [0x00000000e0000000,0x00000000e38cf9f8,0x00000000e6500000)
 Metaspace       used 95125K, capacity 101976K, committed 102272K, reserved 1138688K
  class space    used 11683K, capacity 13669K, committed 13696K, reserved 1048576K
}
Event: 409.576 GC heap before
{Heap before GC invocations=42 (full 8):
 PSYoungGen      total 79360K, used 6683K [0x00000000f5580000, 0x00000000fc480000, 0x0000000100000000)
  eden space 73216K, 1% used [0x00000000f5580000,0x00000000f5662d98,0x00000000f9d00000)
  from space 6144K, 94% used [0x00000000f9d00000,0x00000000fa2a4020,0x00000000fa300000)
  to   space 19968K, 0% used [0x00000000fb100000,0x00000000fb100000,0x00000000fc480000)
 ParOldGen       total 103424K, used 58174K [0x00000000e0000000, 0x00000000e6500000, 0x00000000f5580000)
  object space 103424K, 56% used [0x00000000e0000000,0x00000000e38cf9f8,0x00000000e6500000)
 Metaspace       used 95130K, capacity 101976K, committed 102272K, reserved 1138688K
  class space    used 11683K, capacity 13669K, committed 13696K, reserved 1048576K
Event: 409.582 GC heap after
Heap after GC invocations=42 (full 8):
 PSYoungGen      total 92672K, used 5680K [0x00000000f5580000, 0x00000000fc380000, 0x0000000100000000)
  eden space 73728K, 0% used [0x00000000f5580000,0x00000000f5580000,0x00000000f9d80000)
  from space 18944K, 29% used [0x00000000fb100000,0x00000000fb68c020,0x00000000fc380000)
  to   space 19456K, 0% used [0x00000000f9d80000,0x00000000f9d80000,0x00000000fb080000)
 ParOldGen       total 103424K, used 58182K [0x00000000e0000000, 0x00000000e6500000, 0x00000000f5580000)
  object space 103424K, 56% used [0x00000000e0000000,0x00000000e38d19f8,0x00000000e6500000)
 Metaspace       used 95130K, capacity 101976K, committed 102272K, reserved 1138688K
  class space    used 11683K, capacity 13669K, committed 13696K, reserved 1048576K
}
Event: 409.582 GC heap before
{Heap before GC invocations=43 (full 9):
 PSYoungGen      total 92672K, used 5680K [0x00000000f5580000, 0x00000000fc380000, 0x0000000100000000)
  eden space 73728K, 0% used [0x00000000f5580000,0x00000000f5580000,0x00000000f9d80000)
  from space 18944K, 29% used [0x00000000fb100000,0x00000000fb68c020,0x00000000fc380000)
  to   space 19456K, 0% used [0x00000000f9d80000,0x00000000f9d80000,0x00000000fb080000)
 ParOldGen       total 103424K, used 58182K [0x00000000e0000000, 0x00000000e6500000, 0x00000000f5580000)
  object space 103424K, 56% used [0x00000000e0000000,0x00000000e38d19f8,0x00000000e6500000)
 Metaspace       used 95130K, capacity 101976K, committed 102272K, reserved 1138688K
  class space    used 11683K, capacity 13669K, committed 13696K, reserved 1048576K
Event: 410.126 GC heap after
Heap after GC invocations=43 (full 9):
 PSYoungGen      total 92672K, used 0K [0x00000000f5580000, 0x00000000fc380000, 0x0000000100000000)
  eden space 73728K, 0% used [0x00000000f5580000,0x00000000f5580000,0x00000000f9d80000)
  from space 18944K, 0% used [0x00000000fb100000,0x00000000fb100000,0x00000000fc380000)
  to   space 19456K, 0% used [0x00000000f9d80000,0x00000000f9d80000,0x00000000fb080000)
 ParOldGen       total 103424K, used 62505K [0x00000000e0000000, 0x00000000e6500000, 0x00000000f5580000)
  object space 103424K, 60% used [0x00000000e0000000,0x00000000e3d0a7b0,0x00000000e6500000)
 Metaspace       used 95130K, capacity 101976K, committed 102272K, reserved 1138688K
  class space    used 11683K, capacity 13669K, committed 13696K, reserved 1048576K
}
Event: 443.576 GC heap before
{Heap before GC invocations=44 (full 9):
 PSYoungGen      total 92672K, used 73728K [0x00000000f5580000, 0x00000000fc380000, 0x0000000100000000)
  eden space 73728K, 100% used [0x00000000f5580000,0x00000000f9d80000,0x00000000f9d80000)
  from space 18944K, 0% used [0x00000000fb100000,0x00000000fb100000,0x00000000fc380000)
  to   space 19456K, 0% used [0x00000000f9d80000,0x00000000f9d80000,0x00000000fb080000)
 ParOldGen       total 103424K, used 62505K [0x00000000e0000000, 0x00000000e6500000, 0x00000000f5580000)
  object space 103424K, 60% used [0x00000000e0000000,0x00000000e3d0a7b0,0x00000000e6500000)
 Metaspace       used 95409K, capacity 102456K, committed 102656K, reserved 1138688K
  class space    used 11687K, capacity 13701K, committed 13824K, reserved 1048576K
Event: 443.580 GC heap after
Heap after GC invocations=44 (full 9):
 PSYoungGen      total 93184K, used 2926K [0x00000000f5580000, 0x00000000fc300000, 0x0000000100000000)
  eden space 73728K, 0% used [0x00000000f5580000,0x00000000f5580000,0x00000000f9d80000)
  from space 19456K, 15% used [0x00000000f9d80000,0x00000000fa05ba00,0x00000000fb080000)
  to   space 18944K, 0% used [0x00000000fb080000,0x00000000fb080000,0x00000000fc300000)
 ParOldGen       total 103424K, used 62513K [0x00000000e0000000, 0x00000000e6500000, 0x00000000f5580000)
  object space 103424K, 60% used [0x00000000e0000000,0x00000000e3d0c7b0,0x00000000e6500000)
 Metaspace       used 95409K, capacity 102456K, committed 102656K, reserved 1138688K
  class space    used 11687K, capacity 13701K, committed 13824K, reserved 1048576K
}
Event: 969.785 GC heap before
{Heap before GC invocations=45 (full 9):
 PSYoungGen      total 93184K, used 76654K [0x00000000f5580000, 0x00000000fc300000, 0x0000000100000000)
  eden space 73728K, 100% used [0x00000000f5580000,0x00000000f9d80000,0x00000000f9d80000)
  from space 19456K, 15% used [0x00000000f9d80000,0x00000000fa05ba00,0x00000000fb080000)
  to   space 18944K, 0% used [0x00000000fb080000,0x00000000fb080000,0x00000000fc300000)
 ParOldGen       total 103424K, used 62513K [0x00000000e0000000, 0x00000000e6500000, 0x00000000f5580000)
  object space 103424K, 60% used [0x00000000e0000000,0x00000000e3d0c7b0,0x00000000e6500000)
 Metaspace       used 95979K, capacity 102916K, committed 103168K, reserved 1138688K
  class space    used 11743K, capacity 13767K, committed 13824K, reserved 1048576K
Event: 969.792 GC heap after
Heap after GC invocations=45 (full 9):
 PSYoungGen      total 88064K, used 2617K [0x00000000f5580000, 0x00000000fc000000, 0x0000000100000000)
  eden space 72192K, 0% used [0x00000000f5580000,0x00000000f5580000,0x00000000f9c00000)
  from space 15872K, 16% used [0x00000000fb080000,0x00000000fb30e6d8,0x00000000fc000000)
  to   space 18432K, 0% used [0x00000000f9c00000,0x00000000f9c00000,0x00000000fae00000)
 ParOldGen       total 103424K, used 62521K [0x00000000e0000000, 0x00000000e6500000, 0x00000000f5580000)
  object space 103424K, 60% used [0x00000000e0000000,0x00000000e3d0e7b0,0x00000000e6500000)
 Metaspace       used 95979K, capacity 102916K, committed 103168K, reserved 1138688K
  class space    used 11743K, capacity 13767K, committed 13824K, reserved 1048576K
}

